0 info it worked if it ends with ok
1 verbose cli [ 'D:\\software\\nodeJs\\node.exe',
1 verbose cli   'D:\\software\\nodeJs\\node_modules\\npm\\bin\\npm-cli.js',
1 verbose cli   'install',
1 verbose cli   'fontawesome',
1 verbose cli   '--save-dev' ]
2 info using npm@2.14.4
3 info using node@v4.1.2
4 verbose install initial load of D:\jobCode\webstrom\lukeAdmin\package.json
5 warn package.json lukeAdmin@0.0.1 No description
6 warn package.json lukeAdmin@0.0.1 No repository field.
7 warn package.json lukeAdmin@0.0.1 No README data
8 warn package.json lukeAdmin@0.0.1 No license field.
9 verbose installManyTop reading scoped package data from D:\jobCode\webstrom\lukeAdmin\node_modules\angular\package.json
10 verbose installManyTop reading scoped package data from D:\jobCode\webstrom\lukeAdmin\node_modules\animate\package.json
11 verbose installManyTop reading scoped package data from D:\jobCode\webstrom\lukeAdmin\node_modules\bootstrap\package.json
12 verbose installManyTop reading scoped package data from D:\jobCode\webstrom\lukeAdmin\node_modules\grunt\package.json
13 verbose installManyTop reading scoped package data from D:\jobCode\webstrom\lukeAdmin\node_modules\grunt-autoprefixer\package.json
14 verbose installManyTop reading scoped package data from D:\jobCode\webstrom\lukeAdmin\node_modules\grunt-contrib-concat\package.json
15 verbose installManyTop reading scoped package data from D:\jobCode\webstrom\lukeAdmin\node_modules\grunt-contrib-csslint\package.json
16 verbose installManyTop reading scoped package data from D:\jobCode\webstrom\lukeAdmin\node_modules\grunt-contrib-cssmin\package.json
17 verbose installManyTop reading scoped package data from D:\jobCode\webstrom\lukeAdmin\node_modules\grunt-contrib-jshint\package.json
18 verbose installManyTop reading scoped package data from D:\jobCode\webstrom\lukeAdmin\node_modules\grunt-contrib-less\package.json
19 verbose installManyTop reading scoped package data from D:\jobCode\webstrom\lukeAdmin\node_modules\grunt-contrib-uglify\package.json
20 verbose installManyTop reading scoped package data from D:\jobCode\webstrom\lukeAdmin\node_modules\grunt-contrib-watch\package.json
21 verbose installManyTop reading scoped package data from D:\jobCode\webstrom\lukeAdmin\node_modules\grunt-csscomb\package.json
22 verbose installManyTop reading scoped package data from D:\jobCode\webstrom\lukeAdmin\node_modules\jquery\package.json
23 info package.json grunt@0.4.5 No license field.
24 info package.json grunt-contrib-concat@0.5.1 No license field.
25 info package.json grunt-contrib-watch@0.6.1 No license field.
26 info package.json grunt-csscomb@3.1.0 No license field.
27 info package.json jquery@2.1.4 No license field.
28 verbose readDependencies loading dependencies from D:\jobCode\webstrom\lukeAdmin\package.json
29 silly cache add args [ 'fontawesome', null ]
30 verbose cache add spec fontawesome
31 silly cache add parsed spec Result {
31 silly cache add   raw: 'fontawesome',
31 silly cache add   scope: null,
31 silly cache add   name: 'fontawesome',
31 silly cache add   rawSpec: '',
31 silly cache add   spec: '*',
31 silly cache add   type: 'range' }
32 silly addNamed fontawesome@*
33 verbose addNamed "*" is a valid semver range for fontawesome
34 silly addNameRange { name: 'fontawesome', range: '*', hasData: false }
35 silly mapToRegistry name fontawesome
36 silly mapToRegistry using default registry
37 silly mapToRegistry registry https://registry.npmjs.org/
38 silly mapToRegistry uri https://registry.npmjs.org/fontawesome
39 verbose addNameRange registry:https://registry.npmjs.org/fontawesome not in flight; fetching
40 verbose request uri https://registry.npmjs.org/fontawesome
41 verbose request no auth needed
42 info attempt registry request try #1 at 16:52:52
43 verbose request id db38a2c650c4bae3
44 http request GET https://registry.npmjs.org/fontawesome
45 http 404 https://registry.npmjs.org/fontawesome
46 verbose headers { 'content-type': 'application/json',
46 verbose headers   'cache-control': 'max-age=0',
46 verbose headers   'content-length': '2',
46 verbose headers   'accept-ranges': 'bytes',
46 verbose headers   date: 'Tue, 08 Dec 2015 08:52:27 GMT',
46 verbose headers   via: '1.1 varnish',
46 verbose headers   age: '0',
46 verbose headers   connection: 'keep-alive',
46 verbose headers   'x-served-by': 'cache-fra1245-FRA',
46 verbose headers   'x-cache': 'MISS',
46 verbose headers   'x-cache-hits': '0',
46 verbose headers   'x-timer': 'S1449564746.759741,VS0,VE682' }
47 silly get cb [ 404,
47 silly get   { 'content-type': 'application/json',
47 silly get     'cache-control': 'max-age=0',
47 silly get     'content-length': '2',
47 silly get     'accept-ranges': 'bytes',
47 silly get     date: 'Tue, 08 Dec 2015 08:52:27 GMT',
47 silly get     via: '1.1 varnish',
47 silly get     age: '0',
47 silly get     connection: 'keep-alive',
47 silly get     'x-served-by': 'cache-fra1245-FRA',
47 silly get     'x-cache': 'MISS',
47 silly get     'x-cache-hits': '0',
47 silly get     'x-timer': 'S1449564746.759741,VS0,VE682' } ]
48 verbose stack Error: Registry returned 404 for GET on https://registry.npmjs.org/fontawesome
48 verbose stack     at makeError (D:\software\nodeJs\node_modules\npm\node_modules\npm-registry-client\lib\request.js:263:12)
48 verbose stack     at CachingRegistryClient.<anonymous> (D:\software\nodeJs\node_modules\npm\node_modules\npm-registry-client\lib\request.js:241:14)
48 verbose stack     at Request._callback (D:\software\nodeJs\node_modules\npm\node_modules\npm-registry-client\lib\request.js:171:14)
48 verbose stack     at Request.self.callback (D:\software\nodeJs\node_modules\npm\node_modules\request\request.js:198:22)
48 verbose stack     at emitTwo (events.js:87:13)
48 verbose stack     at Request.emit (events.js:172:7)
48 verbose stack     at Request.<anonymous> (D:\software\nodeJs\node_modules\npm\node_modules\request\request.js:1073:14)
48 verbose stack     at emitOne (events.js:82:20)
48 verbose stack     at Request.emit (events.js:169:7)
48 verbose stack     at IncomingMessage.<anonymous> (D:\software\nodeJs\node_modules\npm\node_modules\request\request.js:1019:12)
49 verbose statusCode 404
50 verbose pkgid fontawesome
51 verbose cwd D:\jobCode\webstrom\lukeAdmin
52 error Windows_NT 6.3.9600
53 error argv "D:\\software\\nodeJs\\node.exe" "D:\\software\\nodeJs\\node_modules\\npm\\bin\\npm-cli.js" "install" "fontawesome" "--save-dev"
54 error node v4.1.2
55 error npm  v2.14.4
56 error code E404
57 error 404 Registry returned 404 for GET on https://registry.npmjs.org/fontawesome
57 error 404
57 error 404 'fontawesome' is not in the npm registry.
57 error 404 You should bug the author to publish it (or use the name yourself!)
57 error 404 It was specified as a dependency of 'lukeAdmin'
57 error 404
57 error 404 Note that you can also install from a
57 error 404 tarball, folder, http url, or git url.
58 verbose exit [ 1, true ]
